2022-03-28 19:24:31,727 [main] INFO Framework - ******** Launching browser*********
2022-03-28 19:24:31,897 [main] INFO Framework - ******** Opening URL*********
2022-03-28 19:24:33,739 [main] INFO Framework - ******** Providing login details*********
2022-03-28 19:28:30,914 [main] INFO Framework - ******** Launching browser*********
2022-03-28 19:28:31,031 [main] INFO Framework - ******** Opening URL*********
2022-03-28 19:28:32,947 [main] INFO Framework - ******** Providing login details*********
2022-03-28 19:38:55,446 [main] INFO Framework - ******** Launching browser*********
2022-03-28 19:38:55,643 [main] INFO Framework - ******** Opening URL*********
2022-03-28 19:38:58,909 [main] INFO Framework - ******** Providing login details*********
2022-03-28 19:40:38,896 [main] INFO Framework - ******** Launching browser*********
2022-03-28 19:40:39,069 [main] INFO Framework - ******** Opening URL*********
2022-03-28 19:40:40,886 [main] INFO Framework - ******** Providing login details*********
2022-03-28 22:00:39,973 [main] INFO Framework - ******** Launching browser*********
2022-03-28 22:00:40,094 [main] INFO Framework - ******** Opening URL*********
2022-03-28 23:11:15,953 [main] INFO Framework - ******** Launching browser*********
2022-03-28 23:11:16,074 [main] INFO Framework - ******** Opening URL*********
2022-03-28 23:12:38,719 [main] INFO Framework - ******** Providing login details*********
2022-03-28 23:15:16,100 [main] INFO Framework - ******** Launching browser*********
2022-03-28 23:15:16,302 [main] INFO Framework - ******** Opening URL*********
2022-03-28 23:15:49,800 [main] INFO Framework - ******** Providing login details*********
2022-03-28 23:15:52,177 [main] INFO Framework - ******** started login*********
2022-03-28 23:15:57,262 [main] INFO Framework - ********closing browser********
2022-03-28 23:16:35,504 [main] INFO Framework - ******** Launching browser*********
2022-03-28 23:16:35,699 [main] INFO Framework - ******** Opening URL*********
2022-03-28 23:17:13,526 [main] INFO Framework - ******** Providing login details*********
2022-03-28 23:17:15,832 [main] INFO Framework - ******** started login*********
2022-03-28 23:17:20,880 [main] INFO Framework - ********closing browser********
2022-03-29 09:57:49,544 [main] INFO Framework - ******** Launching browser*********
2022-03-29 09:57:49,669 [main] INFO Framework - ******** Opening URL*********
2022-03-29 09:57:51,582 [main] INFO Framework - ******** Providing login details*********
2022-03-29 09:57:53,954 [main] INFO Framework - ******** started login*********
2022-03-29 09:57:59,074 [main] INFO Framework - ********closing browser********
2022-03-29 10:05:34,424 [main] INFO Framework - ******** Launching browser*********
2022-03-29 10:05:34,664 [main] INFO Framework - ******** Opening URL*********
2022-03-29 10:05:36,860 [main] INFO Framework - ******** Providing login details*********
2022-03-29 10:05:39,366 [main] INFO Framework - ******** started login*********
2022-03-29 10:05:44,446 [main] INFO Framework - ********closing browser********
2022-03-29 10:16:12,149 [main] INFO Framework - ******** Launching browser*********
2022-03-29 10:16:12,348 [main] INFO Framework - ******** Opening URL*********
2022-03-29 10:16:14,685 [main] INFO Framework - ******** Providing login details*********
2022-03-29 10:16:17,094 [main] INFO Framework - ******** started login*********
2022-03-29 10:16:22,172 [main] INFO Framework - ********closing browser********
2022-03-29 10:17:12,101 [main] INFO Framework - ******** Launching browser*********
2022-03-29 10:17:12,244 [main] INFO Framework - ******** Opening URL*********
2022-03-29 10:17:14,121 [main] INFO Framework - ******** Providing login details*********
2022-03-29 10:17:16,395 [main] INFO Framework - ******** started login*********
2022-03-29 10:17:21,480 [main] INFO Framework - ********closing browser********
2022-03-29 10:18:14,275 [main] INFO Framework - ******** Launching browser*********
2022-03-29 10:18:14,421 [main] INFO Framework - ******** Opening URL*********
2022-03-29 10:18:16,747 [main] INFO Framework - ******** Providing login details*********
2022-03-29 10:21:27,135 [main] INFO Framework - ******** Launching browser*********
2022-03-29 10:21:27,307 [main] INFO Framework - ******** Opening URL*********
2022-03-29 10:21:29,565 [main] INFO Framework - ******** Providing login details*********
2022-03-29 10:24:27,622 [main] INFO Framework - ******** Launching browser*********
2022-03-29 10:24:27,764 [main] INFO Framework - ******** Opening URL*********
2022-03-29 10:24:29,662 [main] INFO Framework - ******** Providing login details*********
2022-03-29 10:24:31,936 [main] INFO Framework - ******** started login*********
2022-03-29 10:24:37,006 [main] INFO Framework - ********closing browser********
2022-03-29 10:28:20,337 [main] INFO Framework - Launching browser Chrome Browser has Successfully!
2022-03-29 10:28:20,500 [main] INFO Framework - Open Bridge URL has Successfully!
2022-03-29 10:28:22,279 [main] INFO Framework - Providing Valid Login details have Successfully!
2022-03-29 10:28:22,536 [main] INFO Framework - Started login has successfully!
2022-03-29 10:28:27,615 [main] INFO Framework - Browser closing browser has successfuly!
2022-03-29 10:54:26,066 [main] INFO Framework - Launching browser Chrome Browser has Successfully!
2022-03-29 10:54:26,202 [main] INFO Framework - Open Bridge URL has Successfully!
2022-03-29 10:54:28,828 [main] INFO Framework - Providing Valid Login details have Successfully!
2022-03-29 10:54:29,085 [main] INFO Framework - Started login has successfully!
2022-03-29 10:54:34,206 [main] INFO Framework - Browser closing browser has successfuly!
2022-03-29 10:55:00,254 [main] INFO Framework - Launching browser Chrome Browser has Successfully!
2022-03-29 10:55:00,405 [main] INFO Framework - Open Bridge URL has Successfully!
2022-03-29 10:55:02,255 [main] INFO Framework - Providing Valid Login details have Successfully!
2022-03-29 10:55:02,551 [main] INFO Framework - Started login has successfully!
2022-03-29 10:55:07,671 [main] INFO Framework - Browser closing browser has successfuly!
2022-03-29 10:55:34,852 [main] INFO Framework - Launching browser Chrome Browser has Successfully!
2022-03-29 10:55:35,006 [main] INFO Framework - Open Bridge URL has Successfully!
2022-03-29 10:55:36,915 [main] INFO Framework - Providing Valid Login details have Successfully!
2022-03-29 10:55:37,168 [main] INFO Framework - Started login has successfully!
2022-03-29 10:55:42,247 [main] INFO Framework - Browser closing browser has successfuly!
2022-03-29 11:03:26,196 [main] INFO Framework - Launching browser Chrome Browser has Successfully!
2022-03-29 11:03:26,329 [main] INFO Framework - Open Bridge URL has Successfully!
2022-03-29 11:03:28,366 [main] INFO Framework - Providing Valid Login details have Successfully!
2022-03-29 11:03:28,766 [main] INFO Framework - Started login has successfully!
2022-03-29 11:03:33,885 [main] INFO Framework - Browser closing browser has successfuly!
2022-03-29 11:10:49,175 [main] INFO Framework - Launching browser Chrome Browser has Successfully!
2022-03-29 11:10:49,301 [main] INFO Framework - Open Bridge URL has Successfully!
2022-03-29 11:10:51,760 [main] INFO Framework - Providing Valid Login details have Successfully!
2022-03-29 11:10:52,009 [main] INFO Framework - Started login has successfully!
2022-03-29 11:10:57,108 [main] INFO Framework - Browser closing browser has successfuly!
2022-03-29 17:54:15,870 [main] INFO Framework - Launching browser Chrome Browser has Successfully!
2022-03-29 18:05:39,710 [main] INFO Framework - Launching browser Chrome Browser has Successfully!
2022-03-29 18:05:39,894 [main] INFO Framework - Open Bridge URL has Successfully!
2022-03-29 18:05:47,407 [main] INFO Framework - Providing Valid Login details have Successfully!
2022-03-29 18:05:47,752 [main] INFO Framework - Started login has successfully!
2022-03-29 18:05:52,820 [main] INFO Framework - ******** Login Passed*********
2022-03-29 18:18:43,250 [main] INFO Framework - Launching browser Chrome Browser has Successfully!
2022-03-29 18:18:43,417 [main] INFO Framework - Open Bridge URL has Successfully!
2022-03-29 18:18:45,847 [main] INFO Framework - Providing Valid Login details have Successfully!
2022-03-29 18:18:46,110 [main] INFO Framework - Started login has successfully!
2022-03-29 18:18:51,169 [main] INFO Framework - ******** Login Passed*********
2022-03-29 18:20:18,343 [main] INFO Framework - Launching browser Chrome Browser has Successfully!
2022-03-29 18:20:18,511 [main] INFO Framework - Open Bridge URL has Successfully!
2022-03-29 18:20:20,577 [main] INFO Framework - Providing Valid Login details have Successfully!
2022-03-29 18:20:20,907 [main] INFO Framework - Started login has successfully!
2022-03-29 18:20:25,969 [main] INFO Framework - ******** Login Passed*********
2022-03-29 18:24:40,002 [main] INFO Framework - Launching browser Chrome Browser has Successfully!
2022-03-29 18:24:40,211 [main] INFO Framework - Open Bridge URL has Successfully!
2022-03-29 18:24:43,139 [main] INFO Framework - Providing Valid Login details have Successfully!
2022-03-29 18:24:43,520 [main] INFO Framework - Started login has successfully!
2022-03-29 18:24:48,580 [main] INFO Framework - ******** Login Passed*********
2022-03-29 18:25:04,211 [main] INFO Framework - ******** Login Passed*********
2022-03-29 18:33:54,008 [main] INFO Framework - Launching browser Chrome Browser has Successfully!
2022-03-29 18:33:54,144 [main] INFO Framework - Open Bridge URL has Successfully!
2022-03-29 18:33:56,930 [main] INFO Framework - Providing Valid Login details have Successfully!
2022-03-29 18:33:57,298 [main] INFO Framework - Started login has successfully!
2022-03-29 18:34:02,362 [main] INFO Framework - ******** Login Passed*********
2022-03-29 18:34:18,792 [main] INFO Framework - Browser closing browser has successfuly!
2022-03-29 18:49:11,413 [main] INFO Framework - Launching browser Chrome Browser has Successfully!
2022-03-29 18:49:11,580 [main] INFO Framework - Open Bridge URL has Successfully!
2022-03-29 18:49:14,940 [main] INFO Framework - Providing Valid Login details have Successfully!
2022-03-29 18:49:15,277 [main] INFO Framework - Started login has successfully!
2022-03-29 18:49:20,337 [main] INFO Framework - ******** Login Passed*********
2022-03-29 18:49:36,175 [main] INFO Framework - Browser closing browser has successfuly!
2022-03-30 12:26:20,552 [main] INFO Framework - Launching browser Chrome Browser has Successfully!
2022-03-30 12:26:20,746 [main] INFO Framework - Open Bridge URL has Successfully!
2022-03-30 12:26:23,090 [main] INFO Framework - Providing Valid Login details have Successfully!
2022-03-30 12:26:23,438 [main] INFO Framework - Started login has successfully!
2022-03-30 13:02:50,256 [main] INFO Framework - Launching browser Chrome Browser has Successfully!
2022-03-30 13:02:50,431 [main] INFO Framework - Open Bridge URL has Successfully!
2022-03-30 13:02:53,492 [main] INFO Framework - Providing Valid Login details have Successfully!
2022-03-30 13:02:53,816 [main] INFO Framework - Started login has successfully!
2022-03-30 13:02:58,864 [main] INFO Framework - Browser closing browser has successfuly!
2022-03-30 13:02:59,433 [main] INFO Framework - Launching browser Chrome Browser has Successfully!
2022-03-30 13:02:59,437 [main] INFO Framework - Open Bridge URL has Successfully!
2022-03-30 13:03:02,403 [main] INFO Framework - Providing Valid Login details have Successfully!
2022-03-30 13:03:02,699 [main] INFO Framework - Started login has successfully!
2022-03-30 13:03:07,760 [main] INFO Framework - ******** Login Passed*********
2022-03-30 13:03:23,520 [main] INFO Framework - Browser closing browser has successfuly!
2022-03-30 13:05:20,518 [main] INFO Framework - Launching browser Chrome Browser has Successfully!
2022-03-30 13:05:20,686 [main] INFO Framework - Open Bridge URL has Successfully!
2022-03-30 13:05:23,650 [main] INFO Framework - Providing Valid Login details have Successfully!
2022-03-30 13:05:23,963 [main] INFO Framework - Started login has successfully!
2022-03-30 13:05:29,012 [main] INFO Framework - Browser closing browser has successfuly!
2022-03-30 13:05:40,741 [main] INFO Framework - Launching browser Chrome Browser has Successfully!
2022-03-30 13:05:40,765 [main] INFO Framework - Open Bridge URL has Successfully!
2022-03-30 13:05:43,709 [main] INFO Framework - Providing Valid Login details have Successfully!
2022-03-30 13:05:43,954 [main] INFO Framework - Started login has successfully!
2022-03-30 13:05:49,012 [main] INFO Framework - ******** Login Passed*********
2022-03-30 13:06:04,942 [main] INFO Framework - Browser closing browser has successfuly!
2022-03-30 13:06:25,365 [main] INFO Framework - Launching browser Chrome Browser has Successfully!
2022-03-30 13:06:25,529 [main] INFO Framework - Open Bridge URL has Successfully!
2022-03-30 13:06:28,279 [main] INFO Framework - Providing Valid Login details have Successfully!
2022-03-30 13:06:28,628 [main] INFO Framework - Started login has successfully!
2022-03-30 13:06:33,679 [main] INFO Framework - Browser closing browser has successfuly!
2022-03-30 13:06:44,955 [main] INFO Framework - Launching browser Chrome Browser has Successfully!
2022-03-30 13:06:44,972 [main] INFO Framework - Open Bridge URL has Successfully!
2022-03-30 13:06:47,967 [main] INFO Framework - Providing Valid Login details have Successfully!
2022-03-30 13:06:48,260 [main] INFO Framework - Started login has successfully!
2022-03-30 13:06:53,317 [main] INFO Framework - ******** Login Passed*********
2022-03-30 13:07:08,713 [main] INFO Framework - Browser closing browser has successfuly!
2022-03-30 13:12:54,274 [main] INFO Framework - Launching browser Chrome Browser has Successfully!
2022-03-30 13:12:54,477 [main] INFO Framework - Open Bridge URL has Successfully!
2022-03-30 13:12:57,412 [main] INFO Framework - Providing Valid Login details have Successfully!
2022-03-30 13:12:57,833 [main] INFO Framework - Started login has successfully!
2022-03-30 13:13:02,880 [main] INFO Framework - Browser closing browser has successfuly!
2022-03-30 13:13:12,206 [main] INFO Framework - Launching browser Chrome Browser has Successfully!
2022-03-30 13:13:12,211 [main] INFO Framework - Open Bridge URL has Successfully!
2022-03-30 13:13:14,758 [main] INFO Framework - Providing Valid Login details have Successfully!
2022-03-30 13:13:15,036 [main] INFO Framework - Started login has successfully!
2022-03-30 13:13:20,094 [main] INFO Framework - ******** Login Passed*********
2022-03-30 13:13:36,261 [main] INFO Framework - Browser closing browser has successfuly!
2022-03-30 13:27:26,279 [main] INFO Framework - Launching browser Chrome Browser has Successfully!
2022-03-30 13:27:26,466 [main] INFO Framework - Open Bridge URL has Successfully!
2022-03-30 13:27:30,372 [main] INFO Framework - Providing Valid Login details have Successfully!
2022-03-30 13:27:30,759 [main] INFO Framework - Started login has successfully!
2022-03-30 13:27:35,817 [main] INFO Framework - Browser closing browser has successfuly!
2022-03-30 13:27:46,695 [main] INFO Framework - Launching browser Chrome Browser has Successfully!
2022-03-30 13:27:46,709 [main] INFO Framework - Open Bridge URL has Successfully!
2022-03-30 13:27:49,719 [main] INFO Framework - Providing Valid Login details have Successfully!
2022-03-30 13:27:50,041 [main] INFO Framework - Started login has successfully!
2022-03-30 13:27:55,103 [main] INFO Framework - ******** Login Passed*********
2022-03-30 13:28:11,596 [main] INFO Framework - Browser closing browser has successfuly!
2022-03-30 14:07:36,078 [main] INFO Framework - Launching browser Chrome Browser has Successfully!
2022-03-30 14:07:36,205 [main] INFO Framework - Open Bridge URL has Successfully!
2022-03-30 14:07:39,241 [main] INFO Framework - Providing Valid Login details have Successfully!
2022-03-30 14:07:39,575 [main] INFO Framework - Started login has successfully!
2022-03-30 14:07:44,635 [main] INFO Framework - Browser closing browser has successfuly!
2022-03-30 14:07:54,589 [main] INFO Framework - Browser closing browser has successfuly!
2022-03-30 14:08:47,425 [main] INFO Framework - Launching browser Chrome Browser has Successfully!
2022-03-30 14:08:47,624 [main] INFO Framework - Open Bridge URL has Successfully!
2022-03-30 14:08:50,513 [main] INFO Framework - Providing Valid Login details have Successfully!
2022-03-30 14:08:50,806 [main] INFO Framework - Started login has successfully!
2022-03-30 14:08:55,857 [main] INFO Framework - Browser closing browser has successfuly!
2022-03-30 14:09:04,325 [main] INFO Framework - Browser closing browser has successfuly!
2022-03-30 14:09:04,977 [main] INFO Framework - Launching browser Chrome Browser has Successfully!
2022-03-30 14:09:04,984 [main] INFO Framework - Open Bridge URL has Successfully!
2022-03-30 14:09:07,494 [main] INFO Framework - Providing Valid Login details have Successfully!
2022-03-30 14:09:07,715 [main] INFO Framework - Started login has successfully!
2022-03-30 14:09:12,770 [main] INFO Framework - ******** Login Passed*********
2022-03-30 14:09:28,306 [main] INFO Framework - Browser closing browser has successfuly!
2022-03-30 14:12:14,205 [main] INFO Framework - Launching browser Chrome Browser has Successfully!
2022-03-30 14:12:14,362 [main] INFO Framework - Open Bridge URL has Successfully!
2022-03-30 14:12:16,937 [main] INFO Framework - Providing Valid Login details have Successfully!
2022-03-30 14:12:17,275 [main] INFO Framework - Started login has successfully!
2022-03-30 14:12:22,324 [main] INFO Framework - Open Bridge URL has Successfully!
2022-03-30 14:12:24,021 [main] INFO Framework - Providing Valid Login details have Successfully!
2022-03-30 14:12:24,265 [main] INFO Framework - Started login has successfully!
2022-03-30 14:12:29,313 [main] INFO Framework - Browser closing browser has successfuly!
2022-03-30 14:12:37,014 [main] INFO Framework - Browser closing browser has successfuly!
2022-03-30 14:13:05,971 [main] INFO Framework - Launching browser Chrome Browser has Successfully!
2022-03-30 14:13:06,204 [main] INFO Framework - Open Bridge URL has Successfully!
2022-03-30 14:13:08,823 [main] INFO Framework - Providing Valid Login details have Successfully!
2022-03-30 14:13:09,186 [main] INFO Framework - Started login has successfully!
2022-03-30 14:13:14,239 [main] INFO Framework - Open Bridge URL has Successfully!
2022-03-30 14:13:15,109 [main] INFO Framework - Providing Valid Login details have Successfully!
2022-03-30 14:13:15,383 [main] INFO Framework - Started login has successfully!
2022-03-30 14:13:20,428 [main] INFO Framework - Browser closing browser has successfuly!
2022-03-30 14:13:27,631 [main] INFO Framework - Browser closing browser has successfuly!
2022-03-30 14:13:28,322 [main] INFO Framework - Launching browser Chrome Browser has Successfully!
2022-03-30 14:13:28,324 [main] INFO Framework - Open Bridge URL has Successfully!
2022-03-30 14:13:30,650 [main] INFO Framework - Providing Valid Login details have Successfully!
2022-03-30 14:13:30,889 [main] INFO Framework - Started login has successfully!
2022-03-30 14:13:35,946 [main] INFO Framework - ******** Login Passed*********
2022-03-30 14:13:52,042 [main] INFO Framework - Browser closing browser has successfuly!
2022-03-30 14:20:41,696 [main] INFO Framework - Launching browser Chrome Browser has Successfully!
2022-03-30 14:20:41,881 [main] INFO Framework - Open Bridge URL has Successfully!
2022-03-30 14:20:46,521 [main] INFO Framework - Providing Valid Login details have Successfully!
2022-03-30 14:20:46,841 [main] INFO Framework - Started login has successfully!
2022-03-30 14:20:51,901 [main] INFO Framework - Open Bridge URL has Successfully!
2022-03-30 14:20:53,778 [main] INFO Framework - Providing Valid Login details have Successfully!
2022-03-30 14:20:54,034 [main] INFO Framework - Started login has successfully!
2022-03-30 14:20:59,078 [main] INFO Framework - Browser closing browser has successfuly!
2022-03-30 14:21:27,691 [main] INFO Framework - Browser closing browser has successfuly!
2022-03-30 14:21:28,299 [main] INFO Framework - Launching browser Chrome Browser has Successfully!
2022-03-30 14:21:28,305 [main] INFO Framework - Open Bridge URL has Successfully!
2022-03-30 14:21:33,720 [main] INFO Framework - Providing Valid Login details have Successfully!
2022-03-30 14:21:33,969 [main] INFO Framework - Started login has successfully!
2022-03-30 14:21:39,027 [main] INFO Framework - ******** Login Passed*********
2022-03-30 14:22:02,988 [main] INFO Framework - Browser closing browser has successfuly!
2022-03-30 14:24:22,135 [main] INFO Framework - Launching browser Chrome Browser has Successfully!
2022-03-30 14:24:22,344 [main] INFO Framework - Open Bridge URL has Successfully!
2022-03-30 14:24:35,856 [main] INFO Framework - Providing Valid Login details have Successfully!
2022-03-30 14:24:36,166 [main] INFO Framework - Started login has successfully!
2022-03-30 14:24:41,226 [main] INFO Framework - Open Bridge URL has Successfully!
2022-03-30 14:24:43,087 [main] INFO Framework - Providing Valid Login details have Successfully!
2022-03-30 14:24:43,331 [main] INFO Framework - Started login has successfully!
2022-03-30 14:24:48,375 [main] INFO Framework - Ars Number has Entered successfuly!
2022-03-30 14:25:02,602 [main] INFO Framework - Ars Number Search Button has clicked on successfuly!
2022-03-30 14:25:23,954 [main] INFO Framework - Ars Number has clicked on successfuly!
2022-03-30 14:25:27,571 [main] INFO Framework - Browser closing browser has successfuly!
2022-03-30 14:25:28,208 [main] INFO Framework - Launching browser Chrome Browser has Successfully!
2022-03-30 14:25:28,211 [main] INFO Framework - Open Bridge URL has Successfully!
2022-03-30 14:25:40,809 [main] INFO Framework - Providing Valid Login details have Successfully!
2022-03-30 14:25:41,039 [main] INFO Framework - Started login has successfully!
2022-03-30 14:25:46,103 [main] INFO Framework - ******** Login Passed*********
2022-03-30 14:26:26,691 [main] INFO Framework - Browser closing browser has successfuly!
2022-03-30 14:27:18,517 [main] INFO Framework - Launching browser Chrome Browser has Successfully!
2022-03-30 14:27:18,669 [main] INFO Framework - Open Bridge URL has Successfully!
2022-03-30 14:27:31,122 [main] INFO Framework - Providing Valid Login details have Successfully!
2022-03-30 14:27:31,409 [main] INFO Framework - Started login has successfully!
2022-03-30 14:27:36,463 [main] INFO Framework - Open Bridge URL has Successfully!
2022-03-30 14:27:38,602 [main] INFO Framework - Providing Valid Login details have Successfully!
2022-03-30 14:27:38,802 [main] INFO Framework - Started login has successfully!
2022-03-30 14:27:43,849 [main] INFO Framework - Ars Number has Entered successfuly!
2022-03-30 14:27:56,662 [main] INFO Framework - Ars Number Search Button has clicked on successfuly!
2022-03-30 14:28:09,602 [main] INFO Framework - Ars Number has clicked on successfuly!
2022-03-30 14:28:12,589 [main] INFO Framework - Browser closing browser has successfuly!
2022-03-30 14:28:13,224 [main] INFO Framework - Launching browser Chrome Browser has Successfully!
2022-03-30 14:28:13,230 [main] INFO Framework - Open Bridge URL has Successfully!
2022-03-30 14:28:31,518 [main] INFO Framework - Providing Valid Login details have Successfully!
2022-03-30 14:28:31,715 [main] INFO Framework - Started login has successfully!
2022-03-30 14:28:36,778 [main] INFO Framework - ******** Login Passed*********
2022-03-30 14:29:00,755 [main] INFO Framework - Browser closing browser has successfuly!
2022-03-30 14:32:46,768 [main] INFO Framework - Launching browser Chrome Browser has Successfully!
2022-03-30 14:32:46,961 [main] INFO Framework - Open Bridge URL has Successfully!
2022-03-30 14:33:00,923 [main] INFO Framework - Providing Valid Login details have Successfully!
2022-03-30 14:33:01,236 [main] INFO Framework - Started login has successfully!
2022-03-30 14:33:06,292 [main] INFO Framework - Ars Number has Entered successfuly!
2022-03-30 14:33:17,301 [main] INFO Framework - Ars Number Search Button has clicked on successfuly!
2022-03-30 14:33:31,908 [main] INFO Framework - Ars Number has clicked on successfuly!
2022-03-30 14:33:36,493 [main] INFO Framework - Browser closing browser has successfuly!
2022-03-30 14:33:37,153 [main] INFO Framework - Launching browser Chrome Browser has Successfully!
2022-03-30 14:33:37,170 [main] INFO Framework - Open Bridge URL has Successfully!
2022-03-30 14:33:52,781 [main] INFO Framework - Providing Valid Login details have Successfully!
2022-03-30 14:33:53,047 [main] INFO Framework - Started login has successfully!
2022-03-30 14:33:58,107 [main] INFO Framework - ******** Login Passed*********
2022-03-30 14:34:17,480 [main] INFO Framework - Browser closing browser has successfuly!
2022-03-30 14:54:14,563 [main] INFO Framework - Launching browser Chrome Browser has Successfully!
2022-03-30 14:54:14,716 [main] INFO Framework - Open Bridge URL has Successfully!
2022-03-30 14:54:29,267 [main] INFO Framework - Providing Valid Login details have Successfully!
2022-03-30 14:54:29,582 [main] INFO Framework - Started login has successfully!
2022-03-30 14:54:34,632 [main] INFO Framework - Ars Number has Entered successfuly!
2022-03-30 14:54:52,513 [main] INFO Framework - Ars Number Search Button has clicked on successfuly!
2022-03-30 14:55:05,758 [main] INFO Framework - Ars Number has clicked on successfuly!
2022-03-30 14:55:08,970 [main] INFO Framework - Browser closing browser has successfuly!
2022-03-30 14:55:09,567 [main] INFO Framework - Launching browser Chrome Browser has Successfully!
2022-03-30 14:55:09,568 [main] INFO Framework - Open Bridge URL has Successfully!
2022-03-30 14:55:33,532 [main] INFO Framework - Providing Valid Login details have Successfully!
2022-03-30 14:55:33,731 [main] INFO Framework - Started login has successfully!
2022-03-30 15:39:03,290 [main] INFO Framework - Launching browser Chrome Browser has Successfully!
2022-03-30 15:39:03,520 [main] INFO Framework - Open Bridge URL has Successfully!
2022-03-30 15:39:09,381 [main] INFO Framework - Providing Valid Login details have Successfully!
2022-03-30 15:39:09,713 [main] INFO Framework - Started login has successfully!
2022-03-30 15:39:14,765 [main] INFO Framework - Ars Number has Entered successfuly!
2022-03-30 15:39:20,729 [main] INFO Framework - Ars Number Search Button has clicked on successfuly!
2022-03-30 15:39:26,226 [main] INFO Framework - Ars Number has clicked on successfuly!
2022-03-30 15:39:27,701 [main] INFO Framework - Browser closing browser has successfuly!
2022-03-30 15:39:28,339 [main] INFO Framework - Launching browser Chrome Browser has Successfully!
2022-03-30 15:39:28,344 [main] INFO Framework - Open Bridge URL has Successfully!
2022-03-30 15:39:32,468 [main] INFO Framework - Providing Valid Login details have Successfully!
2022-03-30 15:39:32,744 [main] INFO Framework - Started login has successfully!
2022-03-30 15:39:38,351 [main] INFO Framework - Launching browser Chrome Browser has Successfully!
2022-03-30 15:39:38,356 [main] INFO Framework - Open Bridge URL has Successfully!
2022-03-30 15:39:43,631 [main] INFO Framework - Providing Valid Login details have Successfully!
2022-03-30 15:39:43,970 [main] INFO Framework - Started login has successfully!
2022-03-30 15:39:49,027 [main] INFO Framework - ******** Login Passed*********
2022-03-30 15:40:05,916 [main] INFO Framework - Browser closing browser has successfuly!
2022-03-30 15:43:36,060 [main] INFO Framework - Launching browser Chrome Browser has Successfully!
2022-03-30 15:43:36,291 [main] INFO Framework - Open Bridge URL has Successfully!
2022-03-30 15:43:51,468 [main] INFO Framework - Providing Valid Login details have Successfully!
2022-03-30 15:43:51,880 [main] INFO Framework - Started login has successfully!
2022-03-30 15:43:56,932 [main] INFO Framework - Ars Number has Entered successfuly!
2022-03-30 15:44:03,076 [main] INFO Framework - Ars Number Search Button has clicked on successfuly!
2022-03-30 15:44:05,984 [main] INFO Framework - Ars Number has clicked on successfuly!
2022-03-30 15:44:07,203 [main] INFO Framework - Browser closing browser has successfuly!
2022-03-30 15:44:07,983 [main] INFO Framework - Launching browser Chrome Browser has Successfully!
2022-03-30 15:44:07,986 [main] INFO Framework - Open Bridge URL has Successfully!
2022-03-30 15:44:10,932 [main] INFO Framework - Providing Valid Login details have Successfully!
2022-03-30 15:44:11,213 [main] INFO Framework - Started login has successfully!
2022-03-30 15:44:16,798 [main] INFO Framework - Launching browser Chrome Browser has Successfully!
2022-03-30 15:44:16,811 [main] INFO Framework - Open Bridge URL has Successfully!
2022-03-30 15:44:24,792 [main] INFO Framework - Providing Valid Login details have Successfully!
2022-03-30 15:44:25,188 [main] INFO Framework - Started login has successfully!
2022-03-30 15:44:30,254 [main] INFO Framework - ******** Login Passed*********
2022-03-30 15:44:45,915 [main] INFO Framework - Browser closing browser has successfuly!
2022-03-30 15:57:42,351 [main] INFO Framework - Launching browser Chrome Browser has Successfully!
2022-03-30 15:57:42,539 [main] INFO Framework - Open Bridge URL has Successfully!
2022-03-30 15:57:45,517 [main] INFO Framework - Providing Valid Login details have Successfully!
2022-03-30 15:57:45,835 [main] INFO Framework - Started login has successfully!
2022-03-30 15:57:50,892 [main] INFO Framework - Ars Number has Entered successfuly!
2022-03-30 15:57:57,137 [main] INFO Framework - Ars Number Search Button has clicked on successfuly!
2022-03-30 15:57:58,990 [main] INFO Framework - Ars Number has clicked on successfuly!
2022-03-30 15:57:59,966 [main] INFO Framework - Browser closing browser has successfuly!
2022-03-30 15:58:00,641 [main] INFO Framework - Launching browser Chrome Browser has Successfully!
2022-03-30 15:58:00,644 [main] INFO Framework - Open Bridge URL has Successfully!
2022-03-30 15:58:02,714 [main] INFO Framework - Providing Valid Login details have Successfully!
2022-03-30 15:58:02,993 [main] INFO Framework - Started login has successfully!
2022-03-30 15:58:08,048 [main] INFO Framework - Select Docs Quality role  successfuly!
2022-03-30 15:58:08,579 [main] INFO Framework - Launching browser Chrome Browser has Successfully!
2022-03-30 15:58:08,582 [main] INFO Framework - Open Bridge URL has Successfully!
2022-03-30 15:58:11,331 [main] INFO Framework - Providing Valid Login details have Successfully!
2022-03-30 15:58:11,694 [main] INFO Framework - Started login has successfully!
2022-03-30 15:58:16,759 [main] INFO Framework - ******** Login Passed*********
2022-03-30 15:58:33,001 [main] INFO Framework - Browser closing browser has successfuly!
2022-03-30 16:27:31,267 [main] INFO Framework - Launching browser Chrome Browser has Successfully!
2022-03-30 16:27:31,439 [main] INFO Framework - Open Bridge URL has Successfully!
2022-03-30 16:27:34,243 [main] INFO Framework - Providing Valid Login details have Successfully!
2022-03-30 16:27:34,599 [main] INFO Framework - Started login has successfully!
2022-03-30 16:27:39,647 [main] INFO Framework - Ars Number has Entered successfuly!
2022-03-30 16:27:44,539 [main] INFO Framework - Ars Number Search Button has clicked on successfuly!
2022-03-30 16:27:47,217 [main] INFO Framework - Ars Number has clicked on successfuly!
2022-03-30 16:27:48,334 [main] INFO Framework - Browser closing browser has successfuly!
2022-03-30 16:27:48,940 [main] INFO Framework - Launching browser Chrome Browser has Successfully!
2022-03-30 16:27:48,960 [main] INFO Framework - Open Bridge URL has Successfully!
2022-03-30 16:27:51,934 [main] INFO Framework - Providing Valid Login details have Successfully!
2022-03-30 16:27:52,163 [main] INFO Framework - Started login has successfully!
2022-03-30 16:27:57,213 [main] INFO Framework - Select Docs Quality role  successfuly!
2022-03-30 16:27:57,740 [main] INFO Framework - Launching browser Chrome Browser has Successfully!
2022-03-30 16:27:57,743 [main] INFO Framework - Open Bridge URL has Successfully!
2022-03-30 16:27:59,722 [main] INFO Framework - Providing Valid Login details have Successfully!
2022-03-30 16:28:00,213 [main] INFO Framework - Started login has successfully!
2022-03-30 16:28:05,289 [main] INFO Framework - ******** Login Passed*********
2022-03-30 16:28:20,879 [main] INFO Framework - Browser closing browser has successfuly!
2022-03-30 16:32:26,678 [main] INFO Framework - Launching browser Chrome Browser has Successfully!
2022-03-30 16:32:26,888 [main] INFO Framework - Open Bridge URL has Successfully!
2022-03-30 16:32:29,151 [main] INFO Framework - Providing Valid Login details have Successfully!
2022-03-30 16:32:29,458 [main] INFO Framework - Started login has successfully!
2022-03-30 16:32:34,512 [main] INFO Framework - Ars Number has Entered successfuly!
2022-03-30 16:32:41,281 [main] INFO Framework - Ars Number Search Button has clicked on successfuly!
2022-03-30 16:32:43,260 [main] INFO Framework - Ars Number has clicked on successfuly!
2022-03-30 16:32:44,169 [main] INFO Framework - Browser closing browser has successfuly!
2022-03-30 16:32:44,763 [main] INFO Framework - Launching browser Chrome Browser has Successfully!
2022-03-30 16:32:44,768 [main] INFO Framework - Open Bridge URL has Successfully!
2022-03-30 16:32:46,749 [main] INFO Framework - Providing Valid Login details have Successfully!
2022-03-30 16:32:47,002 [main] INFO Framework - Started login has successfully!
2022-03-30 16:32:52,051 [main] INFO Framework - Select Docs Quality role  successfuly!
2022-03-30 16:32:58,278 [main] INFO Framework - Clicked on Dashboard module has successfuly!
2022-03-30 16:33:02,208 [main] INFO Framework - Ars Number has Entered successfuly!
2022-03-30 16:33:02,457 [main] INFO Framework - Clicked on Search Button successfuly!
2022-03-30 16:33:04,027 [main] INFO Framework - Verify No Cases found has successfuly!
2022-03-30 16:33:04,121 [main] INFO Framework - Browser closing browser has successfuly!
2022-03-30 16:33:04,749 [main] INFO Framework - Launching browser Chrome Browser has Successfully!
2022-03-30 16:33:04,751 [main] INFO Framework - Open Bridge URL has Successfully!
2022-03-30 16:33:06,665 [main] INFO Framework - Providing Valid Login details have Successfully!
2022-03-30 16:33:06,925 [main] INFO Framework - Started login has successfully!
2022-03-30 16:33:11,985 [main] INFO Framework - ******** Login Passed*********
2022-03-30 16:33:27,889 [main] INFO Framework - Browser closing browser has successfuly!
2022-03-30 16:33:45,605 [main] INFO Framework - Launching browser Chrome Browser has Successfully!
2022-03-30 16:33:45,791 [main] INFO Framework - Open Bridge URL has Successfully!
2022-03-30 16:33:47,944 [main] INFO Framework - Providing Valid Login details have Successfully!
2022-03-30 16:33:48,229 [main] INFO Framework - Started login has successfully!
2022-03-30 16:33:53,280 [main] INFO Framework - Ars Number has Entered successfuly!
2022-03-30 16:33:57,988 [main] INFO Framework - Ars Number Search Button has clicked on successfuly!
2022-03-30 16:33:59,597 [main] INFO Framework - Ars Number has clicked on successfuly!
2022-03-30 16:34:00,411 [main] INFO Framework - Browser closing browser has successfuly!
2022-03-30 16:34:01,013 [main] INFO Framework - Launching browser Chrome Browser has Successfully!
2022-03-30 16:34:01,029 [main] INFO Framework - Open Bridge URL has Successfully!
2022-03-30 16:34:03,004 [main] INFO Framework - Providing Valid Login details have Successfully!
2022-03-30 16:34:03,265 [main] INFO Framework - Started login has successfully!
2022-03-30 16:34:08,315 [main] INFO Framework - Select Docs Quality role  successfuly!
2022-03-30 16:34:14,670 [main] INFO Framework - Clicked on Dashboard module has successfuly!
2022-03-30 16:34:18,732 [main] INFO Framework - Ars Number has Entered successfuly!
2022-03-30 16:34:18,897 [main] INFO Framework - Clicked on Search Button successfuly!
2022-03-30 16:34:20,366 [main] INFO Framework - Verify No Cases found has successfuly!
2022-03-30 16:34:20,412 [main] INFO Framework - Browser closing browser has successfuly!
2022-03-30 16:34:21,068 [main] INFO Framework - Launching browser Chrome Browser has Successfully!
2022-03-30 16:34:21,075 [main] INFO Framework - Open Bridge URL has Successfully!
2022-03-30 16:34:23,568 [main] INFO Framework - Providing Valid Login details have Successfully!
2022-03-30 16:34:23,862 [main] INFO Framework - Started login has successfully!
2022-03-30 16:34:28,918 [main] INFO Framework - ******** Login Passed*********
2022-03-30 16:34:44,929 [main] INFO Framework - Browser closing browser has successfuly!
2022-03-30 16:43:06,975 [main] INFO Framework - Launching browser Chrome Browser has Successfully!
2022-03-30 16:43:07,218 [main] INFO Framework - Open Bridge URL has Successfully!
2022-03-30 16:43:09,050 [main] INFO Framework - Providing Valid Login details have Successfully!
2022-03-30 16:43:09,363 [main] INFO Framework - Started login has successfully!
2022-03-30 16:43:14,413 [main] INFO Framework - Ars Number has Entered successfuly!
2022-03-30 16:43:19,359 [main] INFO Framework - Ars Number Search Button has clicked on successfuly!
2022-03-30 16:43:21,270 [main] INFO Framework - Ars Number has clicked on successfuly!
2022-03-30 16:43:22,126 [main] INFO Framework - Browser closing browser has successfuly!
2022-03-30 16:44:43,003 [main] INFO Framework - Launching browser Chrome Browser has Successfully!
2022-03-30 16:44:43,153 [main] INFO Framework - Open Bridge URL has Successfully!
2022-03-30 16:44:45,344 [main] INFO Framework - Providing Valid Login details have Successfully!
2022-03-30 16:44:45,647 [main] INFO Framework - Started login has successfully!
2022-03-30 16:44:50,696 [main] INFO Framework - Ars Number has Entered successfuly!
2022-03-30 16:44:55,895 [main] INFO Framework - Ars Number Search Button has clicked on successfuly!
2022-03-30 16:44:57,531 [main] INFO Framework - Ars Number has clicked on successfuly!
2022-03-30 16:44:58,425 [main] INFO Framework - Browser closing browser has successfuly!
2022-03-30 16:44:59,078 [main] INFO Framework - Launching browser Chrome Browser has Successfully!
2022-03-30 16:44:59,082 [main] INFO Framework - Open Bridge URL has Successfully!
2022-03-30 16:45:01,299 [main] INFO Framework - Providing Valid Login details have Successfully!
2022-03-30 16:45:01,531 [main] INFO Framework - Started login has successfully!
2022-03-30 16:45:06,580 [main] INFO Framework - Select Docs Quality role  successfuly!
2022-03-30 16:45:12,862 [main] INFO Framework - Clicked on Dashboard module has successfuly!
2022-03-30 16:45:16,825 [main] INFO Framework - Ars Number has Entered successfuly!
2022-03-30 16:45:17,061 [main] INFO Framework - Clicked on Search Button successfuly!
2022-03-30 16:45:18,648 [main] INFO Framework - Verify No Cases found has successfuly!
2022-03-30 16:45:18,698 [main] INFO Framework - Browser closing browser has successfuly!
2022-03-30 16:46:56,823 [main] INFO Framework - Launching browser Chrome Browser has Successfully!
2022-03-30 16:46:56,988 [main] INFO Framework - Open Bridge URL has Successfully!
2022-03-30 16:46:59,216 [main] INFO Framework - Providing Valid Login details have Successfully!
2022-03-30 16:46:59,599 [main] INFO Framework - Started login has successfully!
2022-03-30 16:47:04,651 [main] INFO Framework - Ars Number has Entered successfuly!
2022-03-30 16:47:09,298 [main] INFO Framework - Ars Number Search Button has clicked on successfuly!
2022-03-30 16:47:10,951 [main] INFO Framework - Ars Number has clicked on successfuly!
2022-03-30 16:47:11,962 [main] INFO Framework - Browser closing browser has successfuly!
2022-03-30 16:47:12,635 [main] INFO Framework - Launching browser Chrome Browser has Successfully!
2022-03-30 16:47:12,641 [main] INFO Framework - Open Bridge URL has Successfully!
2022-03-30 16:47:14,534 [main] INFO Framework - Providing Valid Login details have Successfully!
2022-03-30 16:47:14,773 [main] INFO Framework - Started login has successfully!
2022-03-30 16:47:19,823 [main] INFO Framework - Select Docs Quality role  successfuly!
2022-03-30 16:47:26,201 [main] INFO Framework - Clicked on Dashboard module has successfuly!
2022-03-30 16:47:30,203 [main] INFO Framework - Ars Number has Entered successfuly!
2022-03-30 16:47:30,420 [main] INFO Framework - Clicked on Search Button successfuly!
2022-03-30 16:47:32,173 [main] INFO Framework - Verify No Cases found has successfuly!
2022-03-30 16:47:32,259 [main] INFO Framework - Browser closing browser has successfuly!
2022-03-30 16:47:32,883 [main] INFO Framework - Launching browser Chrome Browser has Successfully!
2022-03-30 16:47:32,889 [main] INFO Framework - Open Bridge URL has Successfully!
2022-03-30 16:47:34,827 [main] INFO Framework - Providing Valid Login details have Successfully!
2022-03-30 16:47:35,026 [main] INFO Framework - Started login has successfully!
2022-03-30 16:47:40,086 [main] INFO Framework - ******** Login Passed*********
2022-03-30 16:47:55,434 [main] INFO Framework - Browser closing browser has successfuly!
2022-03-31 14:29:02,264 [main] INFO Framework - Launching browser Chrome Browser has Successfully!
2022-03-31 14:29:02,413 [main] INFO Framework - Open Bridge URL has Successfully!
2022-03-31 14:29:20,292 [main] INFO Framework - Providing Valid Login details have Successfully!
2022-03-31 14:29:20,553 [main] INFO Framework - Started login has successfully!
2022-03-31 14:29:25,621 [main] INFO Framework - Ars Number has Entered successfuly!
2022-03-31 14:29:40,202 [main] INFO Framework - Ars Number Search Button has clicked on successfuly!
2022-03-31 14:29:49,994 [main] INFO Framework - Ars Number has clicked on successfuly!
2022-03-31 14:29:54,217 [main] INFO Framework - Browser closing browser has successfuly!
2022-03-31 14:29:54,791 [main] INFO Framework - Launching browser Chrome Browser has Successfully!
2022-03-31 14:29:54,792 [main] INFO Framework - Open Bridge URL has Successfully!
2022-03-31 14:30:09,730 [main] INFO Framework - Providing Valid Login details have Successfully!
2022-03-31 14:30:09,960 [main] INFO Framework - Started login has successfully!
2022-03-31 14:30:15,033 [main] INFO Framework - Select Docs Quality role  successfuly!
2022-03-31 14:30:27,252 [main] INFO Framework - Clicked on Dashboard module has successfuly!
2022-03-31 14:30:31,853 [main] INFO Framework - Ars Number has Entered successfuly!
2022-03-31 14:30:31,980 [main] INFO Framework - Clicked on Search Button successfuly!
2022-03-31 14:30:34,169 [main] INFO Framework - Verify No Cases found has successfuly!
2022-03-31 14:30:34,232 [main] INFO Framework - Browser closing browser has successfuly!
2022-03-31 14:30:34,838 [main] INFO Framework - Launching browser Chrome Browser has Successfully!
2022-03-31 14:30:34,840 [main] INFO Framework - Open Bridge URL has Successfully!
2022-03-31 14:30:37,740 [main] INFO Framework - Providing Valid Login details have Successfully!
2022-03-31 14:30:37,994 [main] INFO Framework - Started login has successfully!
2022-03-31 14:30:43,080 [main] INFO Framework - ******** Login Passed*********
2022-03-31 14:30:58,964 [main] INFO Framework - Browser closing browser has successfuly!
2022-03-31 15:09:47,218 [main] INFO Framework - Launching browser Chrome Browser has Successfully!
2022-03-31 15:09:47,393 [main] INFO Framework - Open Bridge URL has Successfully!
2022-03-31 15:09:49,819 [main] INFO Framework - Providing Valid Login details have Successfully!
2022-03-31 15:09:50,074 [main] INFO Framework - Started login has successfully!
2022-03-31 15:09:55,179 [main] INFO Framework - Ars Number has Entered successfuly!
2022-03-31 15:09:59,861 [main] INFO Framework - Ars Number Search Button has clicked on successfuly!
2022-03-31 15:10:01,911 [main] INFO Framework - Ars Number has clicked on successfuly!
2022-03-31 15:10:02,852 [main] INFO Framework - Browser closing browser has successfuly!
2022-03-31 15:10:03,466 [main] INFO Framework - Launching browser Chrome Browser has Successfully!
2022-03-31 15:10:03,469 [main] INFO Framework - Open Bridge URL has Successfully!
2022-03-31 15:10:05,739 [main] INFO Framework - Providing Valid Login details have Successfully!
2022-03-31 15:10:05,949 [main] INFO Framework - Started login has successfully!
2022-03-31 15:10:11,038 [main] INFO Framework - Select Docs Quality role  successfuly!
2022-03-31 15:10:17,764 [main] INFO Framework - Clicked on Dashboard module has successfuly!
2022-03-31 15:10:21,916 [main] INFO Framework - Ars Number has Entered successfuly!
2022-03-31 15:10:22,029 [main] INFO Framework - Clicked on Search Button successfuly!
2022-03-31 15:10:23,726 [main] INFO Framework - Verify No Cases found has successfuly!
2022-03-31 15:10:23,823 [main] INFO Framework - Browser closing browser has successfuly!
2022-03-31 15:10:24,524 [main] INFO Framework - Launching browser Chrome Browser has Successfully!
2022-03-31 15:10:24,531 [main] INFO Framework - Open Bridge URL has Successfully!
2022-03-31 15:10:26,972 [main] INFO Framework - Providing Valid Login details have Successfully!
2022-03-31 15:10:27,181 [main] INFO Framework - Started login has successfully!
2022-03-31 15:10:32,306 [main] INFO Framework - ******** Login Passed*********
2022-03-31 15:10:47,717 [main] INFO Framework - Browser closing browser has successfuly!
2022-03-31 15:44:52,294 [main] INFO Framework - Launching browser Chrome Browser has Successfully!
2022-03-31 15:44:52,398 [main] INFO Framework - Open Bridge URL has Successfully!
2022-03-31 15:44:55,602 [main] INFO Framework - Providing Valid Login details have Successfully!
2022-03-31 15:44:55,901 [main] INFO Framework - Started login has successfully!
2022-03-31 15:45:01,006 [main] INFO Framework - Ars Number has Entered successfuly!
2022-03-31 15:45:13,621 [main] INFO Framework - Ars Number Search Button has clicked on successfuly!
2022-03-31 15:45:43,337 [main] INFO Framework - Ars Number has clicked on successfuly!
2022-03-31 15:45:49,167 [main] INFO Framework - Browser closing browser has successfuly!
2022-03-31 15:45:50,051 [main] INFO Framework - Launching browser Chrome Browser has Successfully!
2022-03-31 15:45:50,061 [main] INFO Framework - Open Bridge URL has Successfully!
2022-03-31 15:46:08,997 [main] INFO Framework - Providing Valid Login details have Successfully!
2022-03-31 15:46:09,243 [main] INFO Framework - Started login has successfully!
2022-03-31 15:46:14,309 [main] INFO Framework - Select Docs Quality role  successfuly!
2022-03-31 15:46:55,894 [main] INFO Framework - Clicked on Dashboard module has successfuly!
2022-03-31 15:48:03,502 [main] INFO Framework - Ars Number has Entered successfuly!
2022-03-31 15:48:03,617 [main] INFO Framework - Clicked on Search Button successfuly!
2022-03-31 15:48:07,511 [main] INFO Framework - Verify No Cases found has successfuly!
2022-03-31 15:48:07,571 [main] INFO Framework - Browser closing browser has successfuly!
2022-03-31 15:48:08,208 [main] INFO Framework - Launching browser Chrome Browser has Successfully!
2022-03-31 15:48:08,213 [main] INFO Framework - Open Bridge URL has Successfully!
2022-03-31 15:48:24,997 [main] INFO Framework - Providing Valid Login details have Successfully!
2022-03-31 15:48:25,287 [main] INFO Framework - Started login has successfully!
2022-03-31 15:48:30,426 [main] INFO Framework - ******** Login Passed*********
2022-03-31 15:48:53,067 [main] INFO Framework - Browser closing browser has successfuly!
2022-03-31 18:59:11,091 [main] INFO Framework - Launching browser Chrome Browser has Successfully!
2022-03-31 18:59:11,269 [main] INFO Framework - Open Bridge URL has Successfully!
2022-03-31 18:59:13,686 [main] INFO Framework - Providing Valid Login details have Successfully!
2022-03-31 18:59:14,031 [main] INFO Framework - Started login has successfully!
2022-03-31 18:59:19,087 [main] INFO Framework - Ars Number has Entered successfuly!
2022-03-31 18:59:24,338 [main] INFO Framework - Ars Number Search Button has clicked on successfuly!
2022-03-31 18:59:26,988 [main] INFO Framework - Ars Number has clicked on successfuly!
2022-03-31 18:59:28,236 [main] INFO Framework - Browser closing browser has successfuly!
2022-03-31 18:59:28,880 [main] INFO Framework - Launching browser Chrome Browser has Successfully!
2022-03-31 18:59:28,883 [main] INFO Framework - Open Bridge URL has Successfully!
2022-03-31 18:59:39,229 [main] INFO Framework - Providing Valid Login details have Successfully!
2022-03-31 18:59:39,434 [main] INFO Framework - Started login has successfully!
2022-03-31 18:59:44,480 [main] INFO Framework - Select Docs Quality role  successfuly!
2022-03-31 18:59:57,724 [main] INFO Framework - Clicked on Dashboard module has successfuly!
2022-03-31 19:00:07,437 [main] INFO Framework - Ars Number has Entered successfuly!
2022-03-31 19:00:07,554 [main] INFO Framework - Clicked on Search Button successfuly!
2022-03-31 19:00:11,197 [main] INFO Framework - Verify No Cases found has successfuly!
2022-03-31 19:00:11,245 [main] INFO Framework - Browser closing browser has successfuly!
2022-03-31 19:00:11,920 [main] INFO Framework - Launching browser Chrome Browser has Successfully!
2022-03-31 19:00:11,926 [main] INFO Framework - Open Bridge URL has Successfully!
2022-03-31 19:00:20,819 [main] INFO Framework - Providing Valid Login details have Successfully!
2022-03-31 19:00:21,057 [main] INFO Framework - Started login has successfully!
2022-03-31 19:00:26,112 [main] INFO Framework - ******** Login Passed*********
2022-03-31 19:01:00,620 [main] INFO Framework - Browser closing browser has successfuly!
2022-03-31 19:17:12,774 [main] INFO Framework - Launching browser Chrome Browser has Successfully!
2022-03-31 19:17:12,936 [main] INFO Framework - Open Bridge URL has Successfully!
2022-03-31 19:17:35,622 [main] INFO Framework - Providing Valid Login details have Successfully!
2022-03-31 19:17:35,963 [main] INFO Framework - Started login has successfully!
2022-03-31 19:17:41,012 [main] INFO Framework - Ars Number has Entered successfuly!
2022-03-31 19:18:10,475 [main] INFO Framework - Ars Number Search Button has clicked on successfuly!
2022-03-31 19:19:05,897 [main] INFO Framework - Ars Number has clicked on successfuly!
2022-03-31 19:19:14,260 [main] INFO Framework - Browser closing browser has successfuly!
2022-03-31 19:19:14,868 [main] INFO Framework - Launching browser Chrome Browser has Successfully!
2022-03-31 19:19:14,871 [main] INFO Framework - Open Bridge URL has Successfully!
2022-03-31 19:19:57,897 [main] INFO Framework - Providing Valid Login details have Successfully!
2022-03-31 19:19:58,102 [main] INFO Framework - Started login has successfully!
2022-03-31 19:20:03,150 [main] INFO Framework - Select Docs Quality role  successfuly!
2022-03-31 19:20:08,731 [main] INFO Framework - Launching browser Chrome Browser has Successfully!
2022-03-31 19:20:08,733 [main] INFO Framework - Open Bridge URL has Successfully!
2022-03-31 19:20:32,226 [main] INFO Framework - Providing Valid Login details have Successfully!
2022-03-31 19:20:32,498 [main] INFO Framework - Started login has successfully!
2022-03-31 19:20:37,554 [main] INFO Framework - ******** Login Passed*********
2022-03-31 19:21:09,535 [main] INFO Framework - Browser closing browser has successfuly!
2022-03-31 19:22:09,280 [main] INFO Framework - Launching browser Chrome Browser has Successfully!
2022-03-31 19:22:09,479 [main] INFO Framework - Open Bridge URL has Successfully!
2022-03-31 19:22:11,711 [main] INFO Framework - Providing Valid Login details have Successfully!
2022-03-31 19:22:12,014 [main] INFO Framework - Started login has successfully!
2022-03-31 19:22:17,063 [main] INFO Framework - Ars Number has Entered successfuly!
2022-03-31 19:22:21,806 [main] INFO Framework - Ars Number Search Button has clicked on successfuly!
2022-03-31 19:22:23,833 [main] INFO Framework - Ars Number has clicked on successfuly!
2022-03-31 19:22:24,655 [main] INFO Framework - Browser closing browser has successfuly!
2022-03-31 19:22:25,282 [main] INFO Framework - Launching browser Chrome Browser has Successfully!
2022-03-31 19:22:25,294 [main] INFO Framework - Open Bridge URL has Successfully!
2022-03-31 19:22:27,248 [main] INFO Framework - Providing Valid Login details have Successfully!
2022-03-31 19:22:27,468 [main] INFO Framework - Started login has successfully!
2022-03-31 19:22:32,517 [main] INFO Framework - Select Docs Quality role  successfuly!
2022-03-31 19:22:39,777 [main] INFO Framework - Clicked on Dashboard module has successfuly!
2022-03-31 19:22:43,931 [main] INFO Framework - Ars Number has Entered successfuly!
2022-03-31 19:22:44,074 [main] INFO Framework - Clicked on Search Button successfuly!
2022-03-31 19:22:45,611 [main] INFO Framework - Verify No Cases found has successfuly!
2022-03-31 19:22:45,662 [main] INFO Framework - Browser closing browser has successfuly!
2022-03-31 19:22:46,258 [main] INFO Framework - Launching browser Chrome Browser has Successfully!
2022-03-31 19:22:46,262 [main] INFO Framework - Open Bridge URL has Successfully!
2022-03-31 19:22:49,015 [main] INFO Framework - Providing Valid Login details have Successfully!
2022-03-31 19:22:49,272 [main] INFO Framework - Started login has successfully!
2022-03-31 19:22:54,332 [main] INFO Framework - ******** Login Passed*********
2022-03-31 19:23:10,741 [main] INFO Framework - Browser closing browser has successfuly!
2022-04-01 11:49:01,253 [main] INFO Framework - Launching browser Chrome Browser has Successfully!
2022-04-01 11:49:01,365 [main] INFO Framework - Open Bridge URL has Successfully!
2022-04-01 11:49:06,348 [main] INFO Framework - Providing Valid Login details have Successfully!
2022-04-01 11:49:06,663 [main] INFO Framework - Started login has successfully!
2022-04-01 11:49:11,741 [main] INFO Framework - Ars Number has Entered successfuly!
2022-04-01 11:49:23,887 [main] INFO Framework - Ars Number Search Button has clicked on successfuly!
2022-04-01 11:49:45,042 [main] INFO Framework - Ars Number has clicked on successfuly!
2022-04-01 11:49:47,435 [main] INFO Framework - Browser closing browser has successfuly!
2022-04-01 11:49:48,334 [main] INFO Framework - Launching browser Chrome Browser has Successfully!
2022-04-01 11:49:48,348 [main] INFO Framework - Open Bridge URL has Successfully!
2022-04-01 11:49:57,551 [main] INFO Framework - Providing Valid Login details have Successfully!
2022-04-01 11:49:57,833 [main] INFO Framework - Started login has successfully!
2022-04-01 11:50:02,970 [main] INFO Framework - Select Docs Quality role  successfuly!
2022-04-01 11:50:10,344 [main] INFO Framework - Clicked on Dashboard module has successfuly!
2022-04-01 11:50:16,377 [main] INFO Framework - Ars Number has Entered successfuly!
2022-04-01 11:50:16,613 [main] INFO Framework - Clicked on Search Button successfuly!
2022-04-01 11:50:21,499 [main] INFO Framework - Verify No Cases found has successfuly!
2022-04-01 11:50:21,559 [main] INFO Framework - Browser closing browser has successfuly!
2022-04-01 11:50:22,382 [main] INFO Framework - Launching browser Chrome Browser has Successfully!
2022-04-01 11:50:22,400 [main] INFO Framework - Open Bridge URL has Successfully!
2022-04-01 11:50:32,823 [main] INFO Framework - Providing Valid Login details have Successfully!
2022-04-01 11:50:33,276 [main] INFO Framework - Started login has successfully!
2022-04-01 11:50:38,420 [main] INFO Framework - ******** Login Passed*********
2022-04-01 11:51:01,155 [main] INFO Framework - Browser closing browser has successfuly!
